mode: set
jing/app/api-gateway/cli/feedback/feedback.go:20.13,26.2 1 1
jing/app/api-gateway/cli/feedback/feedback.go:28.86,30.61 2 0
jing/app/api-gateway/cli/feedback/feedback.go:33.2,47.16 3 0
jing/app/api-gateway/cli/feedback/feedback.go:50.2,50.17 1 0
jing/app/api-gateway/cli/feedback/feedback.go:30.61,32.3 1 0
jing/app/api-gateway/cli/feedback/feedback.go:47.16,49.3 1 0
jing/app/api-gateway/cli/feedback/feedback.go:53.68,57.15 2 1
jing/app/api-gateway/cli/feedback/feedback.go:60.2,60.17 1 0
jing/app/api-gateway/cli/feedback/feedback.go:57.15,59.3 1 1
jing/app/api-gateway/cli/feedback/feedback.go:63.82,68.15 2 0
jing/app/api-gateway/cli/feedback/feedback.go:68.15,70.3 1 0
jing/app/api-gateway/cli/feedback/feedback.go:70.7,72.3 1 0
jing/app/api-gateway/cli/feedback/feedback.go:75.123,82.15 2 0
jing/app/api-gateway/cli/feedback/feedback.go:82.15,84.3 1 0
jing/app/api-gateway/cli/feedback/feedback.go:84.8,86.3 1 0
jing/app/api-gateway/cli/feedback/feedback.go:89.72,90.29 1 0
jing/app/api-gateway/cli/feedback/feedback.go:94.2,94.25 1 0
jing/app/api-gateway/cli/feedback/feedback.go:98.2,99.15 2 0
jing/app/api-gateway/cli/feedback/feedback.go:102.2,102.35 1 0
jing/app/api-gateway/cli/feedback/feedback.go:105.2,105.39 1 0
jing/app/api-gateway/cli/feedback/feedback.go:109.2,115.15 3 0
jing/app/api-gateway/cli/feedback/feedback.go:118.2,118.15 1 0
jing/app/api-gateway/cli/feedback/feedback.go:122.2,122.12 1 0
jing/app/api-gateway/cli/feedback/feedback.go:90.29,92.3 1 0
jing/app/api-gateway/cli/feedback/feedback.go:94.25,96.3 1 0
jing/app/api-gateway/cli/feedback/feedback.go:99.15,101.3 1 0
jing/app/api-gateway/cli/feedback/feedback.go:102.35,104.3 1 0
jing/app/api-gateway/cli/feedback/feedback.go:105.39,107.3 1 0
jing/app/api-gateway/cli/feedback/feedback.go:115.15,117.3 1 0
jing/app/api-gateway/cli/feedback/feedback.go:118.15,120.3 1 0
jing/app/api-gateway/cli/feedback/feedback.go:126.46,128.31 2 0
jing/app/api-gateway/cli/feedback/feedback.go:134.2,134.14 1 0
jing/app/api-gateway/cli/feedback/feedback.go:128.31,129.20 1 0
jing/app/api-gateway/cli/feedback/feedback.go:129.20,132.4 2 0
